Arguments: 
  C:\Program Files\nodejs\node.exe C:\Users\44910\AppData\Roaming\npm\node_modules\yarn\bin\yarn.js add muse-ui

PATH: 
  C:\WINDOWS\system32;C:\WINDOWS;C:\WINDOWS\System32\Wbem;C:\WINDOWS\System32\WindowsPowerShell\v1.0\;D:\Program Files\Git\cmd;C:\WINDOWS\System32\OpenSSH\;D:\src\flutter\bin;D:\src\android-sdk-windows\platform-tools;D:\src\android-sdk-windows\tools;C:\Program Files\nodejs\;C:\Program Files\dotnet\;C:\Program Files\Microsoft SQL Server\130\Tools\Binn\;C:\Program Files\Microsoft SQL Server\Client SDK\ODBC\130\Tools\Binn\;C:\Program Files (x86)\Microsoft SQL Server\140\Tools\Binn\;C:\Program Files\Microsoft SQL Server\140\Tools\Binn\;C:\Program Files\Microsoft SQL Server\140\DTS\Binn\;C:\Program Files (x86)\Microsoft SQL Server\150\DTS\Binn\;C:\Program Files (x86)\mingw-w64\i686-8.1.0-posix-dwarf-rt_v6-rev0\mingw32\bin;C:\Program Files\PuTTY\;F:\Xmapp\php;C:\composer;C:\Program Files\Java\jdk-12.0.1\bin;D:\phpstudy_pro\Extensions\php\php7.3.4nts;C:\Program Files\TortoiseGit\bin;C:\Program Files\TortoiseSVN\bin;F:\python\Scripts\;F:\python\;C:\Program Files\MySQL\MySQL Shell 8.0\bin\;C:\Users\44910\AppData\Roaming\npm;C:\Users\44910\AppData\Local\Programs\Microsoft VS Code\bin;F:\Program Files\JetBrains\IntelliJ IDEA Community Edition 2019.1.3\bin;;C:\Users\44910\AppData\Roaming\Composer\vendor\bin;C:\Program Files\Java\jdk-12.0.1\bin;D:\phpstudy_pro\Extensions\php\php7.3.4nts;

Yarn version: 
  1.16.0

Node version: 
  10.15.3

Platform: 
  win32 x64

Trace: 
  Error: ENOENT: no such file or directory, copyfile 'C:\Users\44910\AppData\Local\Yarn\Cache\v4\npm-inherits-2.0.1-b17d08d326b4423e568eff719f91b0b1cbdf69f1\node_modules\inherits\inherits.js' -> 'E:\adminexe\node_modules\assert\node_modules\inherits\inherits.js'

npm manifest: 
  {
    "name": "adminexe",
    "productName": "adminexe",
    "version": "0.0.1",
    "author": "bossbaba <2564217790@qq.com>",
    "description": "An electron-vue project",
    "license": null,
    "main": "./dist/electron/main.js",
    "scripts": {
      "build": "node .electron-vue/build.js",
      "build:darwin": "cross-env BUILD_TARGET=darwin node .electron-vue/build.js",
      "build:linux": "cross-env BUILD_TARGET=linux node .electron-vue/build.js",
      "build:mas": "cross-env BUILD_TARGET=mas node .electron-vue/build.js",
      "build:win32": "cross-env BUILD_TARGET=win32 node .electron-vue/build.js",
      "build:clean": "cross-env BUILD_TARGET=clean node .electron-vue/build.js",
      "build:web": "cross-env BUILD_TARGET=web node .electron-vue/build.js",
      "dev": "node .electron-vue/dev-runner.js",
      "pack": "npm run pack:main && npm run pack:renderer",
      "pack:main": "cross-env NODE_ENV=production webpack --progress --colors --config .electron-vue/webpack.main.config.js",
      "pack:renderer": "cross-env NODE_ENV=production webpack --progress --colors --config .electron-vue/webpack.renderer.config.js",
      "postinstall": ""
    },
    "dependencies": {
      "vue": "^2.5.16",
      "axios": "^0.18.0",
      "vue-electron": "^1.0.6",
      "vue-router": "^3.0.1",
      "vuex": "^3.0.1",
      "vuex-electron": "^1.0.0"
    },
    "devDependencies": {
      "ajv": "^6.5.0",
      "babel-core": "^6.26.3",
      "babel-loader": "^7.1.4",
      "babel-plugin-transform-runtime": "^6.23.0",
      "babel-preset-env": "^1.7.0",
      "babel-preset-stage-0": "^6.24.1",
      "babel-register": "^6.26.0",
      "babel-minify-webpack-plugin": "^0.3.1",
      "cfonts": "^2.1.2",
      "chalk": "^2.4.1",
      "copy-webpack-plugin": "^4.5.1",
      "cross-env": "^5.1.6",
      "css-loader": "^0.28.11",
      "del": "^3.0.0",
      "devtron": "^1.4.0",
      "electron": "^2.0.4",
      "electron-debug": "^1.5.0",
      "electron-devtools-installer": "^2.2.4",
      "electron-packager": "^12.1.0",
      "electron-rebuild": "^1.8.1",
      "mini-css-extract-plugin": "0.4.0",
      "file-loader": "^1.1.11",
      "html-webpack-plugin": "^3.2.0",
      "multispinner": "^0.2.1",
      "node-loader": "^0.6.0",
      "node-sass": "^4.9.2",
      "sass-loader": "^7.0.3",
      "style-loader": "^0.21.0",
      "url-loader": "^1.0.1",
      "vue-html-loader": "^1.2.4",
      "vue-loader": "^15.2.4",
      "vue-style-loader": "^4.1.0",
      "vue-template-compiler": "^2.5.16",
      "webpack-cli": "^3.0.8",
      "webpack": "^4.15.1",
      "webpack-dev-server": "^3.1.4",
      "webpack-hot-middleware": "^2.22.2",
      "webpack-merge": "^4.1.3"
    }
  }

yarn manifest: 
  No manifest

Lockfile: 
  No lockfile
